0 info it worked if it ends with ok
1 verbose cli [ '/home/miked/.nvm/versions/node/v4.2.6/bin/node',
1 verbose cli   '/home/miked/.nvm/versions/node/v4.2.6/bin/npm',
1 verbose cli   'publish' ]
2 info using npm@3.6.0
3 info using node@v4.2.6
4 verbose publish [ '.' ]
5 silly cache add args [ '.', null ]
6 verbose cache add spec .
7 silly cache add parsed spec Result {
7 silly cache add   raw: '.',
7 silly cache add   scope: null,
7 silly cache add   name: null,
7 silly cache add   rawSpec: '.',
7 silly cache add   spec: '/home/miked/Projects/promise-series',
7 silly cache add   type: 'directory' }
8 verbose addLocalDirectory /home/miked/.npm/promise-series/1.0.0/package.tgz not in flight; packing
9 verbose correctMkdir /home/miked/.npm correctMkdir not in flight; initializing
10 info lifecycle promise-series@1.0.0~prepublish: promise-series@1.0.0
11 silly lifecycle promise-series@1.0.0~prepublish: no script for prepublish, continuing
12 verbose tar pack [ '/home/miked/.npm/promise-series/1.0.0/package.tgz',
12 verbose tar pack   '/home/miked/Projects/promise-series' ]
13 verbose tarball /home/miked/.npm/promise-series/1.0.0/package.tgz
14 verbose folder /home/miked/Projects/promise-series
15 verbose addLocalTarball adding from inside cache /home/miked/.npm/promise-series/1.0.0/package.tgz
16 verbose correctMkdir /home/miked/.npm correctMkdir not in flight; initializing
17 silly cache afterAdd promise-series@1.0.0
18 verbose afterAdd /home/miked/.npm/promise-series/1.0.0/package/package.json not in flight; writing
19 verbose correctMkdir /home/miked/.npm correctMkdir not in flight; initializing
20 verbose afterAdd /home/miked/.npm/promise-series/1.0.0/package/package.json written
21 silly publish { name: 'promise-series',
21 silly publish   version: '1.0.0',
21 silly publish   description: 'Add Promise.series() to EC6 promises',
21 silly publish   main: 'index.js',
21 silly publish   directories: { test: 'test' },
21 silly publish   scripts: { test: 'mocha test' },
21 silly publish   repository:
21 silly publish    { type: 'git',
21 silly publish      url: 'git+https://github.com/ant-fx/promise-series.git' },
21 silly publish   keywords: [ 'promise', 'series' ],
21 silly publish   author: { name: 'Mike Davies' },
21 silly publish   license: 'ISC',
21 silly publish   bugs: { url: 'https://github.com/ant-fx/promise-series/issues' },
21 silly publish   homepage: 'https://github.com/ant-fx/promise-series#readme',
21 silly publish   devDependencies: { chai: '^3.5.0' },
21 silly publish   readme: '# Run promises in series\n\nIterate over an array in series. Execution will not move onto the next element in the array until after the current element has resolved.\n\n## Examples\n\n````javascript\nconst series = require("promise-series");\nconst vals = [1,2,3,4];\n\nreturn series(vals, (val,ix) => {\n  return Promise.resolve(val);\n})\n.then(results => {\n  results[0] == vals[0];\n  results[1] == vals[1];\n  results[2] == vals[2];\n  results[3] == vals[3];\n})\n\n````\n\n### setTimeout\n````javascript\nconst series = require("promise-series");\nconst vals = [1,2,3,4];\n\nreturn series(vals, (val,ix) => {\n  return new Promise((resolve,reject) => {\n    setTimeout(()=>{\n      resolve(val);\n    },1000);\n  });\n})\n.then(results => {\n  // runs after vals.length*1000 milliseconds\n});\n\n````\n\n### Remote request using `request-promise`\n````javascript\nconst series = require("promise-series");\nconst rp = require(\'request-promise\');\n\nconst vals = [\n  "http://www.google.com",\n  "http://www.microsoft.com"\n];\n\nreturn series(vals, val => return rp(\'http://www.google.com\'))\n  .then(results => {\n    results[0]; // html for google\n    results[1]; // html for microsoft\n  });\n\n````\n',
21 silly publish   readmeFilename: 'README.md',
21 silly publish   gitHead: '8541a80de048d4e03bb4c7ba16d64afe96667cec',
21 silly publish   _id: 'promise-series@1.0.0',
21 silly publish   _shasum: '6eeff07dacb5f35bd957b93b745ef216489b41fd',
21 silly publish   _from: '.' }
22 verbose getPublishConfig undefined
23 silly mapToRegistry name promise-series
24 silly mapToRegistry using default registry
25 silly mapToRegistry registry https://registry.npmjs.org/
26 silly mapToRegistry uri https://registry.npmjs.org/promise-series
27 verbose publish registryBase https://registry.npmjs.org/
28 silly publish uploading /home/miked/.npm/promise-series/1.0.0/package.tgz
29 verbose request uri https://registry.npmjs.org/promise-series
30 verbose request sending authorization for write operation
31 info attempt registry request try #1 at 6:16:29 PM
32 verbose request using bearer token for auth
33 verbose request id 9caaa79a30790988
34 http request PUT https://registry.npmjs.org/promise-series
35 http 403 https://registry.npmjs.org/promise-series
36 verbose headers { 'content-type': 'application/json',
36 verbose headers   'cache-control': 'max-age=300',
36 verbose headers   'content-length': '106',
36 verbose headers   'accept-ranges': 'bytes',
36 verbose headers   date: 'Thu, 11 Feb 2016 17:16:30 GMT',
36 verbose headers   via: '1.1 varnish',
36 verbose headers   connection: 'keep-alive',
36 verbose headers   'x-served-by': 'cache-lcy1129-LCY',
36 verbose headers   'x-cache': 'MISS',
36 verbose headers   'x-cache-hits': '0',
36 verbose headers   'x-timer': 'S1455210990.208320,VS0,VE600' }
37 verbose request invalidating /home/miked/.npm/registry.npmjs.org/promise-series on PUT
38 error publish Failed PUT 403
39 verbose stack Error: You do not have permission to publish 'promise-series'. Are you logged in as the correct user? : promise-series
39 verbose stack     at makeError (/home/miked/.nvm/versions/node/v4.2.6/lib/node_modules/npm/node_modules/npm-registry-client/lib/request.js:264:12)
39 verbose stack     at CachingRegistryClient.<anonymous> (/home/miked/.nvm/versions/node/v4.2.6/lib/node_modules/npm/node_modules/npm-registry-client/lib/request.js:252:14)
39 verbose stack     at Request._callback (/home/miked/.nvm/versions/node/v4.2.6/lib/node_modules/npm/node_modules/npm-registry-client/lib/request.js:172:14)
39 verbose stack     at Request.self.callback (/home/miked/.nvm/versions/node/v4.2.6/lib/node_modules/npm/node_modules/request/request.js:198:22)
39 verbose stack     at emitTwo (events.js:87:13)
39 verbose stack     at Request.emit (events.js:172:7)
39 verbose stack     at Request.<anonymous> (/home/miked/.nvm/versions/node/v4.2.6/lib/node_modules/npm/node_modules/request/request.js:1035:10)
39 verbose stack     at emitOne (events.js:82:20)
39 verbose stack     at Request.emit (events.js:169:7)
39 verbose stack     at IncomingMessage.<anonymous> (/home/miked/.nvm/versions/node/v4.2.6/lib/node_modules/npm/node_modules/request/request.js:962:12)
40 verbose statusCode 403
41 verbose pkgid promise-series
42 verbose cwd /home/miked/Projects/promise-series
43 error Linux 4.2.0-27-generic
44 error argv "/home/miked/.nvm/versions/node/v4.2.6/bin/node" "/home/miked/.nvm/versions/node/v4.2.6/bin/npm" "publish"
45 error node v4.2.6
46 error npm  v3.6.0
47 error code E403
48 error You do not have permission to publish 'promise-series'. Are you logged in as the correct user? : promise-series
49 error If you need help, you may report this error at:
49 error     <https://github.com/npm/npm/issues>
50 verbose exit [ 1, true ]
